#
# There is insufficient memory for the Java Runtime Environment to continue.
# Native memory allocation (mmap) failed to map 65536 bytes for Failed to commit metaspace.
# Possible reasons:
#   The system is out of physical RAM or swap space
#   The process is running with CompressedOops enabled, and the Java Heap may be blocking the growth of the native heap
# Possible solutions:
#   Reduce memory load on the system
#   Increase physical memory or swap space
#   Check if swap backing store is full
#   Decrease Java heap size (-Xmx/-Xms)
#   Decrease number of Java threads
#   Decrease Java thread stack sizes (-Xss)
#   Set larger code cache with -XX:ReservedCodeCacheSize=
#   JVM is running with Unscaled Compressed Oops mode in which the Java heap is
#     placed in the first 4GB address space. The Java Heap base address is the
#     maximum limit for the native heap growth. Please use -XX:HeapBaseMinAddress
#     to set the Java Heap base and to place the Java Heap above 4GB virtual address.
# This output file may be truncated or incomplete.
#
#  Out of Memory Error (virtualSpaceNode.cpp:110), pid=42296, tid=44732
#
# JRE version: Java(TM) SE Runtime Environment (17.0.12+8) (build 17.0.12+8-LTS-286)
# Java VM: Java HotSpot(TM) 64-Bit Server VM (17.0.12+8-LTS-286, mixed mode, emulated-client, sharing, tiered, compressed oops, compressed class ptrs, g1 gc, windows-amd64)
# No core dump will be written. Minidumps are not enabled by default on client versions of Windows
#

---------------  S U M M A R Y ------------

Command Line: -Dcom.sun.management.jmxremote -Dcom.sun.management.jmxremote.port=53478 -Dcom.sun.management.jmxremote.authenticate=false -Dcom.sun.management.jmxremote.ssl=false -Djava.rmi.server.hostname=localhost -Dspring.jmx.enabled=true -Dmanagement.endpoints.jmx.exposure.include=* -Dspring.application.admin.enabled=true -Dspring.output.ansi.enabled=always -XX:TieredStopAtLevel=1 -Dspring.boot.project.name=CarbonPersonalFootprintApp -Dfile.encoding=UTF-8 -Dstdout.encoding=UTF-8 -Dstderr.encoding=UTF-8 -XX:+ShowCodeDetailsInExceptionMessages com.cpfa.CarbonPersonalFootprintAppApplication

Host: Intel(R) Core(TM) i5-1035G1 CPU @ 1.00GHz, 8 cores, 3G,  Windows 10 , 64 bit Build 19041 (10.0.19041.5915)
Time: Fri Jan  9 12:36:08 2026 India Standard Time elapsed time: 1.423928 seconds (0d 0h 0m 1s)

---------------  T H R E A D  ---------------

Current thread (0x0000014e74e2f570):  JavaThread "main" [_thread_in_vm, id=44732, stack(0x00000029f7e00000,0x00000029f7f00000)]

Stack: [0x00000029f7e00000,0x00000029f7f00000]
Native frames: (J=compiled Java code, j=interpreted, Vv=VM code, C=native code)
V  [jvm.dll+0x67a04a]
V  [jvm.dll+0x7da4ed]
V  [jvm.dll+0x7dbe33]
V  [jvm.dll+0x7dc4a3]
V  [jvm.dll+0x24508f]
V  [jvm.dll+0x7d60bb]
V  [jvm.dll+0x6206c6]
V  [jvm.dll+0x62072a]
V  [jvm.dll+0x622f4d]
V  [jvm.dll+0x621086]
V  [jvm.dll+0x23936f]
V  [jvm.dll+0x62af35]
V  [jvm.dll+0x1e84b2]
V  [jvm.dll+0x1e89d5]
V  [jvm.dll+0x1e931b]
V  [jvm.dll+0x1dea41]
V  [jvm.dll+0x53f78c]
V  [jvm.dll+0x1ef3ca]
V  [jvm.dll+0x7547ad]
V  [jvm.dll+0x755bc6]
V  [jvm.dll+0x755ef8]
V  [jvm.dll+0x23d13b]
V  [jvm.dll+0x37d08e]
C  0x0000014e000198b0

Java frames: (J=compiled Java code, j=interpreted, Vv=VM code)
j  java.io.ObjectInputFilter$Config.<clinit>()V+10 java.base@17.0.12
v  ~StubRoutines::call_stub
j  javax.management.remote.rmi.RMIJRMPServerImpl.<init>(ILjava/rmi/server/RMIClientSocketFactory;Ljava/rmi/server/RMIServerSocketFactory;Ljava/util/Map;)V+116 java.management.rmi@17.0.12
j  javax.management.remote.rmi.RMIConnectorServer.newJRMPServer(Ljava/util/Map;I)Ljavax/management/remote/rmi/RMIServerImpl;+34 java.management.rmi@17.0.12
j  javax.management.remote.rmi.RMIConnectorServer.newServer()Ljavax/management/remote/rmi/RMIServerImpl;+25 java.management.rmi@17.0.12
j  javax.management.remote.rmi.RMIConnectorServer.start()V+231 java.management.rmi@17.0.12
j  sun.management.jmxremote.ConnectorBootstrap.exportMBeanServer(Ljavax/management/MBeanServer;IIZZLjava/lang/String;[Ljava/lang/String;[Ljava/lang/String;ZZLjava/lang/String;Ljava/lang/String;ZLjava/lang/String;Ljava/lang/String;Ljava/lang/String;)Lsun/management/jmxremote/ConnectorBootstrap$JMXConnectorServerData;+348 jdk.management.agent@17.0.12
j  sun.management.jmxremote.ConnectorBootstrap.startRemoteConnectorServer(Ljava/lang/String;Ljava/util/Properties;)Ljavax/management/remote/JMXConnectorServer;+620 jdk.management.agent@17.0.12
j  jdk.internal.agent.Agent.startAgent(Ljava/util/Properties;)V+48 jdk.management.agent@17.0.12
j  jdk.internal.agent.Agent.startAgent()V+20 jdk.management.agent@17.0.12
v  ~StubRoutines::call_stub

---------------  P R O C E S S  ---------------

Threads class SMR info:
_java_thread_list=0x0000014e067e4540, length=11, elements={
0x0000014e74e2f570, 0x0000014e065c1210, 0x0000014e065c1e20, 0x0000014e065d2fc0,
0x0000014e065d3a90, 0x0000014e065d6780, 0x0000014e065dc560, 0x0000014e065dce30,
0x0000014e065dd740, 0x0000014e74ee8990, 0x0000014e06805550
}

Java Threads: ( => current thread )
=>0x0000014e74e2f570 JavaThread "main" [_thread_in_vm, id=44732, stack(0x00000029f7e00000,0x00000029f7f00000)]
  0x0000014e065c1210 JavaThread "Reference Handler" daemon [_thread_blocked, id=38196, stack(0x00000029f8500000,0x00000029f8600000)]
  0x0000014e065c1e20 JavaThread "Finalizer" daemon [_thread_blocked, id=44992, stack(0x00000029f8600000,0x00000029f8700000)]
  0x0000014e065d2fc0 JavaThread "Signal Dispatcher" daemon [_thread_blocked, id=4888, stack(0x00000029f8700000,0x00000029f8800000)]
  0x0000014e065d3a90 JavaThread "Attach Listener" daemon [_thread_blocked, id=44372, stack(0x00000029f8800000,0x00000029f8900000)]
  0x0000014e065d6780 JavaThread "Service Thread" daemon [_thread_blocked, id=44492, stack(0x00000029f8900000,0x00000029f8a00000)]
  0x0000014e065dc560 JavaThread "Monitor Deflation Thread" daemon [_thread_blocked, id=29176, stack(0x00000029f8a00000,0x00000029f8b00000)]
  0x0000014e065dce30 JavaThread "C1 CompilerThread0" daemon [_thread_blocked, id=44060, stack(0x00000029f8b00000,0x00000029f8c00000)]
  0x0000014e065dd740 JavaThread "Sweeper thread" daemon [_thread_blocked, id=12408, stack(0x00000029f8c00000,0x00000029f8d00000)]
  0x0000014e74ee8990 JavaThread "Common-Cleaner" daemon [_thread_blocked, id=900, stack(0x00000029f8d00000,0x00000029f8e00000)]
  0x0000014e06805550 JavaThread "Notification Thread" daemon [_thread_blocked, id=39644, stack(0x00000029f8e00000,0x00000029f8f00000)]

Other Threads:
  0x0000014e74ef9f70 VMThread "VM Thread" [stack: 0x00000029f8400000,0x00000029f8500000] [id=43860]
  0x0000014e74e6c9b0 GCTaskThread "GC Thread#0" [stack: 0x00000029f7f00000,0x00000029f8000000] [id=41788]
  0x0000014e74e760e0 ConcurrentGCThread "G1 Main Marker" [stack: 0x00000029f8000000,0x00000029f8100000] [id=44516]
  0x0000014e74e771a0 ConcurrentGCThread "G1 Conc#0" [stack: 0x00000029f8100000,0x00000029f8200000] [id=5920]
  0x0000014e74ec4610 ConcurrentGCThread "G1 Refine#0" [stack: 0x00000029f8200000,0x00000029f8300000] [id=38960]
  0x0000014e74ec4f50 ConcurrentGCThread "G1 Service" [stack: 0x00000029f8300000,0x00000029f8400000] [id=41432]

Threads with active compile tasks:

VM state: not at safepoint (normal execution)

VM Mutex/Monitor currently owned by a thread:  ([mutex/lock_event])
[0x0000014e74e294c0] Metaspace_lock - owner thread: 0x0000014e74e2f570

Heap address: 0x00000000c3a00000, size: 966 MB, Compressed Oops mode: 32-bit

CDS archive(s) mapped at: [0x0000014e07000000-0x0000014e07bd0000-0x0000014e07bd0000), size 12386304, SharedBaseAddress: 0x0000014e07000000, ArchiveRelocationMode: 1.
Compressed class space mapped at: 0x0000014e08000000-0x0000014e48000000, reserved size: 1073741824
Narrow klass base: 0x0000014e07000000, Narrow klass shift: 0, Narrow klass range: 0x100000000

GC Precious Log:
 CPUs: 8 total, 8 available
 Memory: 3863M
 Large Page Support: Disabled
 NUMA Support: Disabled
 Compressed Oops: Enabled (32-bit)
 Heap Region Size: 1M
 Heap Min Capacity: 8M
 Heap Initial Capacity: 62M
 Heap Max Capacity: 966M
 Pre-touch: Disabled
 Parallel Workers: 8
 Concurrent Workers: 2
 Concurrent Refinement Workers: 8
 Periodic GC: Disabled

Heap:
 garbage-first heap   total 63488K, used 10240K [0x00000000c3a00000, 0x0000000100000000)
  region size 1024K, 9 young (9216K), 0 survivors (0K)
 Metaspace       used 2666K, committed 2752K, reserved 1114112K
  class space    used 317K, committed 384K, reserved 1048576K

Heap Regions: E=young(eden), S=young(survivor), O=old, HS=humongous(starts), HC=humongous(continues), CS=collection set, F=free, OA=open archive, CA=closed archive, TAMS=top-at-mark-start (previous, next)
|   0|0x00000000c3a00000, 0x00000000c3b00000, 0x00000000c3b00000|100%|HS|  |TAMS 0x00000000c3a00000, 0x00000000c3a00000| Complete 
|   1|0x00000000c3b00000, 0x00000000c3c00000, 0x00000000c3c00000|100%|HS|  |TAMS 0x00000000c3b00000, 0x00000000c3b00000| Complete 
|   2|0x00000000c3c00000, 0x00000000c3c00000, 0x00000000c3d00000|  0%| F|  |TAMS 0x00000000c3c00000, 0x00000000c3c00000| Untracked 
|   3|0x00000000c3d00000, 0x00000000c3d00000, 0x00000000c3e00000|  0%| F|  |TAMS 0x00000000c3d00000, 0x00000000c3d00000| Untracked 
|   4|0x00000000c3e00000, 0x00000000c3e00000, 0x00000000c3f00000|  0%| F|  |TAMS 0x00000000c3e00000, 0x00000000c3e00000| Untracked 
|   5|0x00000000c3f00000, 0x00000000c3f00000, 0x00000000c4000000|  0%| F|  |TAMS 0x00000000c3f00000, 0x00000000c3f00000| Untracked 
|   6|0x00000000c4000000, 0x00000000c4000000, 0x00000000c4100000|  0%| F|  |TAMS 0x00000000c4000000, 0x00000000c4000000| Untracked 
|   7|0x00000000c4100000, 0x00000000c4100000, 0x00000000c4200000|  0%| F|  |TAMS 0x00000000c4100000, 0x00000000c4100000| Untracked 
|   8|0x00000000c4200000, 0x00000000c4200000, 0x00000000c4300000|  0%| F|  |TAMS 0x00000000c4200000, 0x00000000c4200000| Untracked 
|   9|0x00000000c4300000, 0x00000000c4300000, 0x00000000c4400000|  0%| F|  |TAMS 0x00000000c4300000, 0x00000000c4300000| Untracked 
|  10|0x00000000c4400000, 0x00000000c4400000, 0x00000000c4500000|  0%| F|  |TAMS 0x00000000c4400000, 0x00000000c4400000| Untracked 
|  11|0x00000000c4500000, 0x00000000c4500000, 0x00000000c4600000|  0%| F|  |TAMS 0x00000000c4500000, 0x00000000c4500000| Untracked 
|  12|0x00000000c4600000, 0x00000000c4600000, 0x00000000c4700000|  0%| F|  |TAMS 0x00000000c4600000, 0x00000000c4600000| Untracked 
|  13|0x00000000c4700000, 0x00000000c4700000, 0x00000000c4800000|  0%| F|  |TAMS 0x00000000c4700000, 0x00000000c4700000| Untracked 
|  14|0x00000000c4800000, 0x00000000c4800000, 0x00000000c4900000|  0%| F|  |TAMS 0x00000000c4800000, 0x00000000c4800000| Untracked 
|  15|0x00000000c4900000, 0x00000000c4900000, 0x00000000c4a00000|  0%| F|  |TAMS 0x00000000c4900000, 0x00000000c4900000| Untracked 
|  16|0x00000000c4a00000, 0x00000000c4a00000, 0x00000000c4b00000|  0%| F|  |TAMS 0x00000000c4a00000, 0x00000000c4a00000| Untracked 
|  17|0x00000000c4b00000, 0x00000000c4b00000, 0x00000000c4c00000|  0%| F|  |TAMS 0x00000000c4b00000, 0x00000000c4b00000| Untracked 
|  18|0x00000000c4c00000, 0x00000000c4c00000, 0x00000000c4d00000|  0%| F|  |TAMS 0x00000000c4c00000, 0x00000000c4c00000| Untracked 
|  19|0x00000000c4d00000, 0x00000000c4d00000, 0x00000000c4e00000|  0%| F|  |TAMS 0x00000000c4d00000, 0x00000000c4d00000| Untracked 
|  20|0x00000000c4e00000, 0x00000000c4e00000, 0x00000000c4f00000|  0%| F|  |TAMS 0x00000000c4e00000, 0x00000000c4e00000| Untracked 
|  21|0x00000000c4f00000, 0x00000000c4f00000, 0x00000000c5000000|  0%| F|  |TAMS 0x00000000c4f00000, 0x00000000c4f00000| Untracked 
|  22|0x00000000c5000000, 0x00000000c5000000, 0x00000000c5100000|  0%| F|  |TAMS 0x00000000c5000000, 0x00000000c5000000| Untracked 
|  23|0x00000000c5100000, 0x00000000c5100000, 0x00000000c5200000|  0%| F|  |TAMS 0x00000000c5100000, 0x00000000c5100000| Untracked 
|  24|0x00000000c5200000, 0x00000000c5200000, 0x00000000c5300000|  0%| F|  |TAMS 0x00000000c5200000, 0x00000000c5200000| Untracked 
|  25|0x00000000c5300000, 0x00000000c5300000, 0x00000000c5400000|  0%| F|  |TAMS 0x00000000c5300000, 0x00000000c5300000| Untracked 
|  26|0x00000000c5400000, 0x00000000c5400000, 0x00000000c5500000|  0%| F|  |TAMS 0x00000000c5400000, 0x00000000c5400000| Untracked 
|  27|0x00000000c5500000, 0x00000000c5500000, 0x00000000c5600000|  0%| F|  |TAMS 0x00000000c5500000, 0x00000000c5500000| Untracked 
|  28|0x00000000c5600000, 0x00000000c5600000, 0x00000000c5700000|  0%| F|  |TAMS 0x00000000c5600000, 0x00000000c5600000| Untracked 
|  29|0x00000000c5700000, 0x00000000c5700000, 0x00000000c5800000|  0%| F|  |TAMS 0x00000000c5700000, 0x00000000c5700000| Untracked 
|  30|0x00000000c5800000, 0x00000000c5800000, 0x00000000c5900000|  0%| F|  |TAMS 0x00000000c5800000, 0x00000000c5800000| Untracked 
|  31|0x00000000c5900000, 0x00000000c5900000, 0x00000000c5a00000|  0%| F|  |TAMS 0x00000000c5900000, 0x00000000c5900000| Untracked 
|  32|0x00000000c5a00000, 0x00000000c5a00000, 0x00000000c5b00000|  0%| F|  |TAMS 0x00000000c5a00000, 0x00000000c5a00000| Untracked 
|  33|0x00000000c5b00000, 0x00000000c5b00000, 0x00000000c5c00000|  0%| F|  |TAMS 0x00000000c5b00000, 0x00000000c5b00000| Untracked 
|  34|0x00000000c5c00000, 0x00000000c5c00000, 0x00000000c5d00000|  0%| F|  |TAMS 0x00000000c5c00000, 0x00000000c5c00000| Untracked 
|  35|0x00000000c5d00000, 0x00000000c5d00000, 0x00000000c5e00000|  0%| F|  |TAMS 0x00000000c5d00000, 0x00000000c5d00000| Untracked 
|  36|0x00000000c5e00000, 0x00000000c5e00000, 0x00000000c5f00000|  0%| F|  |TAMS 0x00000000c5e00000, 0x00000000c5e00000| Untracked 
|  37|0x00000000c5f00000, 0x00000000c5f00000, 0x00000000c6000000|  0%| F|  |TAMS 0x00000000c5f00000, 0x00000000c5f00000| Untracked 
|  38|0x00000000c6000000, 0x00000000c6000000, 0x00000000c6100000|  0%| F|  |TAMS 0x00000000c6000000, 0x00000000c6000000| Untracked 
|  39|0x00000000c6100000, 0x00000000c6100000, 0x00000000c6200000|  0%| F|  |TAMS 0x00000000c6100000, 0x00000000c6100000| Untracked 
|  40|0x00000000c6200000, 0x00000000c6200000, 0x00000000c6300000|  0%| F|  |TAMS 0x00000000c6200000, 0x00000000c6200000| Untracked 
|  41|0x00000000c6300000, 0x00000000c6300000, 0x00000000c6400000|  0%| F|  |TAMS 0x00000000c6300000, 0x00000000c6300000| Untracked 
|  42|0x00000000c6400000, 0x00000000c6400000, 0x00000000c6500000|  0%| F|  |TAMS 0x00000000c6400000, 0x00000000c6400000| Untracked 
|  43|0x00000000c6500000, 0x00000000c6500000, 0x00000000c6600000|  0%| F|  |TAMS 0x00000000c6500000, 0x00000000c6500000| Untracked 
|  44|0x00000000c6600000, 0x00000000c6600000, 0x00000000c6700000|  0%| F|  |TAMS 0x00000000c6600000, 0x00000000c6600000| Untracked 
|  45|0x00000000c6700000, 0x00000000c6700000, 0x00000000c6800000|  0%| F|  |TAMS 0x00000000c6700000, 0x00000000c6700000| Untracked 
|  46|0x00000000c6800000, 0x00000000c6800000, 0x00000000c6900000|  0%| F|  |TAMS 0x00000000c6800000, 0x00000000c6800000| Untracked 
|  47|0x00000000c6900000, 0x00000000c6900000, 0x00000000c6a00000|  0%| F|  |TAMS 0x00000000c6900000, 0x00000000c6900000| Untracked 
|  48|0x00000000c6a00000, 0x00000000c6a00000, 0x00000000c6b00000|  0%| F|  |TAMS 0x00000000c6a00000, 0x00000000c6a00000| Untracked 
|  49|0x00000000c6b00000, 0x00000000c6b00000, 0x00000000c6c00000|  0%| F|  |TAMS 0x00000000c6b00000, 0x00000000c6b00000| Untracked 
|  50|0x00000000c6c00000, 0x00000000c6c00000, 0x00000000c6d00000|  0%| F|  |TAMS 0x00000000c6c00000, 0x00000000c6c00000| Untracked 
|  51|0x00000000c6d00000, 0x00000000c6d00000, 0x00000000c6e00000|  0%| F|  |TAMS 0x00000000c6d00000, 0x00000000c6d00000| Untracked 
|  52|0x00000000c6e00000, 0x00000000c6e00000, 0x00000000c6f00000|  0%| F|  |TAMS 0x00000000c6e00000, 0x00000000c6e00000| Untracked 
|  53|0x00000000c6f00000, 0x00000000c6f76450, 0x00000000c7000000| 46%| E|  |TAMS 0x00000000c6f00000, 0x00000000c6f00000| Complete 
|  54|0x00000000c7000000, 0x00000000c7100000, 0x00000000c7100000|100%| E|CS|TAMS 0x00000000c7000000, 0x00000000c7000000| Complete 
|  55|0x00000000c7100000, 0x00000000c7200000, 0x00000000c7200000|100%| E|CS|TAMS 0x00000000c7100000, 0x00000000c7100000| Complete 
|  56|0x00000000c7200000, 0x00000000c7300000, 0x00000000c7300000|100%| E|CS|TAMS 0x00000000c7200000, 0x00000000c7200000| Complete 
|  57|0x00000000c7300000, 0x00000000c7400000, 0x00000000c7400000|100%| E|CS|TAMS 0x00000000c7300000, 0x00000000c7300000| Complete 
|  58|0x00000000c7400000, 0x00000000c7500000, 0x00000000c7500000|100%| E|CS|TAMS 0x00000000c7400000, 0x00000000c7400000| Complete 
|  59|0x00000000c7500000, 0x00000000c7600000, 0x00000000c7600000|100%| E|CS|TAMS 0x00000000c7500000, 0x00000000c7500000| Complete 
|  60|0x00000000c7600000, 0x00000000c7700000, 0x00000000c7700000|100%| E|CS|TAMS 0x00000000c7600000, 0x00000000c7600000| Complete 
|  61|0x00000000c7700000, 0x00000000c7800000, 0x00000000c7800000|100%| E|CS|TAMS 0x00000000c7700000, 0x00000000c7700000| Complete 

Card table byte_map: [0x0000014e7e990000,0x0000014e7eb80000] _byte_map_base: 0x0000014e7e373000

Marking Bits (Prev, Next): (CMBitMap*) 0x0000014e74e6def0, (CMBitMap*) 0x0000014e74e6df30
 Prev Bits: [0x0000014e7ed70000, 0x0000014e7fc88000)
 Next Bits: [0x0000014e03000000, 0x0000014e03f18000)

Polling page: 0x0000014e7dea0000

Metaspace:

Usage:
  Non-class:      2.29 MB used.
      Class:    317.76 KB used.
       Both:      2.60 MB used.

Virtual space:
  Non-class space:       64.00 MB reserved,       2.31 MB (  4%) committed,  1 nodes.
      Class space:        1.00 GB reserved,     384.00 KB ( <1%) committed,  1 nodes.
             Both:        1.06 GB reserved,       2.69 MB ( <1%) committed. 

Chunk freelists:
   Non-Class:  11.94 MB
       Class:  15.59 MB
        Both:  27.53 MB

MaxMetaspaceSize: unlimited
CompressedClassSpaceSize: 1.00 GB
Initial GC threshold: 21.00 MB
Current GC threshold: 21.00 MB
CDS: on
MetaspaceReclaimPolicy: balanced
 - commit_granule_bytes: 65536.
 - commit_granule_words: 8192.
 - virtual_space_node_default_size: 8388608.
 - enlarge_chunks_in_place: 1.
 - new_chunks_are_fully_committed: 0.
 - uncommit_free_chunks: 1.
 - use_allocation_guard: 0.
 - handle_deallocations: 1.


Internal statistics:

num_allocs_failed_limit: 0.
num_arena_births: 64.
num_arena_deaths: 0.
num_vsnodes_births: 2.
num_vsnodes_deaths: 0.
num_space_committed: 43.
num_space_uncommitted: 0.
num_chunks_returned_to_freelist: 0.
num_chunks_taken_from_freelist: 69.
num_chunk_merges: 0.
num_chunk_splits: 49.
num_chunks_enlarged: 28.
num_inconsistent_stats: 0.

CodeCache: size=49152Kb used=1979Kb max_used=1979Kb free=47172Kb
 bounds [0x0000014e00000000, 0x0000014e00270000, 0x0000014e03000000]
 total_blobs=1099 nmethods=683 adapters=344
 compilation: enabled
              stopped_count=0, restarted_count=0
 full_count=0

Compilation events (20 events):
Event: 1.308 Thread 0x0000014e065dce30  674       1       java.lang.invoke.MethodType::basicType (8 bytes)
Event: 1.308 Thread 0x0000014e065dce30 nmethod 674 0x0000014e001ebd90 code [0x0000014e001ebf20, 0x0000014e001ebff8]
Event: 1.310 Thread 0x0000014e065dce30  675       1       java.lang.Module::isNamed (13 bytes)
Event: 1.310 Thread 0x0000014e065dce30 nmethod 675 0x0000014e001ec090 code [0x0000014e001ec220, 0x0000014e001ec2f8]
Event: 1.310 Thread 0x0000014e065dce30  676       1       jdk.internal.jimage.ImageLocation::readValue (61 bytes)
Event: 1.311 Thread 0x0000014e065dce30 nmethod 676 0x0000014e001ec390 code [0x0000014e001ec540, 0x0000014e001ec738]
Event: 1.311 Thread 0x0000014e065dce30  677       1       java.lang.StringLatin1::indexOf (121 bytes)
Event: 1.311 Thread 0x0000014e065dce30 nmethod 677 0x0000014e001ec890 code [0x0000014e001eca40, 0x0000014e001ecc58]
Event: 1.311 Thread 0x0000014e065dce30  678       1       java.util.jar.JarFile::getJarEntry (9 bytes)
Event: 1.311 Thread 0x0000014e065dce30 nmethod 678 0x0000014e001ece10 code [0x0000014e001ecfe0, 0x0000014e001ed1d8]
Event: 1.311 Thread 0x0000014e065dce30  679       1       java.util.jar.JarFile::getEntry (35 bytes)
Event: 1.311 Thread 0x0000014e065dce30 nmethod 679 0x0000014e001ed310 code [0x0000014e001ed4e0, 0x0000014e001ed718]
Event: 1.311 Thread 0x0000014e065dce30  680   !   1       java.util.jar.JarFile::isMultiRelease (33 bytes)
Event: 1.311 Thread 0x0000014e065dce30 nmethod 680 0x0000014e001ed810 code [0x0000014e001ed9a0, 0x0000014e001edb08]
Event: 1.312 Thread 0x0000014e065dce30  681       1       java.lang.StringConcatHelper::simpleConcat (94 bytes)
Event: 1.313 Thread 0x0000014e065dce30 nmethod 681 0x0000014e001edb90 code [0x0000014e001eddc0, 0x0000014e001ee458]
Event: 1.313 Thread 0x0000014e065dce30  682       1       java.lang.StringConcatHelper::initialCoder (14 bytes)
Event: 1.313 Thread 0x0000014e065dce30 nmethod 682 0x0000014e001ee810 code [0x0000014e001ee9a0, 0x0000014e001eea58]
Event: 1.315 Thread 0x0000014e065dce30  683       1       java.util.ArrayList::<init> (12 bytes)
Event: 1.315 Thread 0x0000014e065dce30 nmethod 683 0x0000014e001eeb10 code [0x0000014e001eeca0, 0x0000014e001eedd8]

GC Heap History (0 events):
No events

Deoptimization events (0 events):
No events

Classes unloaded (0 events):
No events

Classes redefined (0 events):
No events

Internal exceptions (7 events):
Event: 0.454 Thread 0x0000014e74e2f570 Exception <a 'java/lang/NoSuchMethodError'{0x00000000c72b4590}: 'java.lang.Object java.lang.invoke.DirectMethodHandle$Holder.invokeStaticInit(java.lang.Object)'> (0x00000000c72b4590) 
thrown [s\open\src\hotspot\share\interpreter\linkResolver.cpp, line 759]
Event: 0.500 Thread 0x0000014e74e2f570 Exception <a 'java/lang/NoSuchMethodError'{0x00000000c72cf738}: 'int java.lang.invoke.DirectMethodHandle$Holder.invokeInterface(java.lang.Object, java.lang.Object)'> (0x00000000c72cf738) 
thrown [s\open\src\hotspot\share\interpreter\linkResolver.cpp, line 759]
Event: 0.500 Thread 0x0000014e74e2f570 Exception <a 'java/lang/IncompatibleClassChangeError'{0x00000000c72d2d38}: Found class java.lang.Object, but interface was expected> (0x00000000c72d2d38) 
thrown [s\open\src\hotspot\share\interpreter\linkResolver.cpp, line 826]
Event: 0.501 Thread 0x0000014e74e2f570 Exception <a 'java/lang/NoSuchMethodError'{0x00000000c72d8978}: 'void java.lang.invoke.DirectMethodHandle$Holder.invokeStatic(java.lang.Object, java.lang.Object)'> (0x00000000c72d8978) 
thrown [s\open\src\hotspot\share\interpreter\linkResolver.cpp, line 759]
Event: 0.585 Thread 0x0000014e74e2f570 Exception <a 'java/lang/NoSuchMethodError'{0x00000000c701b440}: 'int java.lang.invoke.DirectMethodHandle$Holder.invokeSpecial(java.lang.Object, java.lang.Object, java.lang.Object)'> (0x00000000c701b440) 
thrown [s\open\src\hotspot\share\interpreter\linkResolver.cpp, line 759]
Event: 0.698 Thread 0x0000014e74e2f570 Exception <a 'java/lang/NoSuchMethodError'{0x00000000c6f19b88}: 'void java.lang.invoke.DirectMethodHandle$Holder.invokeStatic(java.lang.Object, java.lang.Object, java.lang.Object)'> (0x00000000c6f19b88) 
thrown [s\open\src\hotspot\share\interpreter\linkResolver.cpp, line 759]
Event: 1.307 Thread 0x0000014e74e2f570 Exception <a 'java/lang/NoSuchMethodError'{0x00000000c6f5dc28}: 'int java.lang.invoke.DirectMethodHandle$Holder.invokeSpecialIFC(java.lang.Object, java.lang.Object, java.lang.Object)'> (0x00000000c6f5dc28) 
thrown [s\open\src\hotspot\share\interpreter\linkResolver.cpp, line 759]

VM Operations (6 events):
Event: 0.299 Executing VM operation: HandshakeAllThreads
Event: 0.300 Executing VM operation: HandshakeAllThreads done
Event: 0.510 Executing VM operation: HandshakeAllThreads
Event: 0.510 Executing VM operation: HandshakeAllThreads done
Event: 0.712 Executing VM operation: HandshakeAllThreads
Event: 0.712 Executing VM operation: HandshakeAllThreads done

Events (20 events):
Event: 1.308 loading class javax/management/remote/JMXConnectorProvider done
Event: 1.309 loading class java/util/ServiceLoader$ProviderSpliterator
Event: 1.309 loading class java/util/ServiceLoader$ProviderSpliterator done
Event: 1.309 loading class javax/management/remote/JMXConnectorFactory$ProviderFinder
Event: 1.309 loading class javax/management/remote/JMXConnectorFactory$ProviderFinder done
Event: 1.309 loading class com/sun/jmx/remote/protocol/rmi/ServerProvider
Event: 1.310 loading class com/sun/jmx/remote/protocol/rmi/ServerProvider done
Event: 1.311 loading class javax/management/remote/rmi/RMIConnectorServer
Event: 1.312 loading class javax/management/remote/rmi/RMIConnectorServer done
Event: 1.313 loading class javax/management/remote/rmi/RMIJRMPServerImpl
Event: 1.314 loading class javax/management/remote/rmi/RMIServerImpl
Event: 1.314 loading class javax/management/remote/rmi/RMIServer
Event: 1.314 loading class java/rmi/Remote
Event: 1.315 loading class java/rmi/Remote done
Event: 1.315 loading class javax/management/remote/rmi/RMIServer done
Event: 1.315 loading class javax/management/remote/rmi/RMIServerImpl done
Event: 1.315 loading class javax/management/remote/rmi/RMIJRMPServerImpl done
Event: 1.315 loading class java/io/ObjectInputFilter$Config
Event: 1.315 loading class java/io/ObjectInputFilter$Config done
Event: 1.315 loading class java/util/concurrent/atomic/AtomicBoolean


Dynamic libraries:
0x00007ff719ed0000 - 0x00007ff719ee0000 	C:\Program Files\Java\jdk-17\bin\javaw.exe
0x00007ff966bb0000 - 0x00007ff966da8000 	C:\Windows\SYSTEM32\ntdll.dll
0x00007ff9660a0000 - 0x00007ff966162000 	C:\Windows\System32\KERNEL32.DLL
0x00007ff9642c0000 - 0x00007ff9645b6000 	C:\Windows\System32\KERNELBASE.dll
0x00007ff9648c0000 - 0x00007ff9649c0000 	C:\Windows\System32\ucrtbase.dll
0x00007ff953080000 - 0x00007ff95309b000 	C:\Program Files\Java\jdk-17\bin\VCRUNTIME140.dll
0x00007ff9530a0000 - 0x00007ff9530b9000 	C:\Program Files\Java\jdk-17\bin\jli.dll
0x00007ff966220000 - 0x00007ff9662d1000 	C:\Windows\System32\ADVAPI32.dll
0x00007ff964bd0000 - 0x00007ff964c6e000 	C:\Windows\System32\msvcrt.dll
0x00007ff9662e0000 - 0x00007ff96637f000 	C:\Windows\System32\sechost.dll
0x00007ff964d70000 - 0x00007ff964e90000 	C:\Windows\System32\RPCRT4.dll
0x00007ff964b70000 - 0x00007ff964b97000 	C:\Windows\System32\bcrypt.dll
0x00007ff966380000 - 0x00007ff966521000 	C:\Windows\System32\USER32.dll
0x00007ff964ba0000 - 0x00007ff964bc2000 	C:\Windows\System32\win32u.dll
0x00007ff94c5f0000 - 0x00007ff94c88b000 	C:\Windows\WinSxS\amd64_microsoft.windows.common-controls_6595b64144ccf1df_6.0.19041.6456_none_60b8a6cb71f64256\COMCTL32.dll
0x00007ff965210000 - 0x00007ff96523b000 	C:\Windows\System32\GDI32.dll
0x00007ff964660000 - 0x00007ff964779000 	C:\Windows\System32\gdi32full.dll
0x00007ff9645c0000 - 0x00007ff96465d000 	C:\Windows\System32\msvcp_win.dll
0x00007ff95d630000 - 0x00007ff95d63a000 	C:\Windows\SYSTEM32\VERSION.dll
0x00007ff966ae0000 - 0x00007ff966b0f000 	C:\Windows\System32\IMM32.DLL
0x00007ff9508a0000 - 0x00007ff9508ac000 	C:\Program Files\Java\jdk-17\bin\vcruntime140_1.dll
0x00007ff92c450000 - 0x00007ff92c4de000 	C:\Program Files\Java\jdk-17\bin\msvcp140.dll
0x00007ff8bcdc0000 - 0x00007ff8bd9a0000 	C:\Program Files\Java\jdk-17\bin\server\jvm.dll
0x00007ff964ef0000 - 0x00007ff964ef8000 	C:\Windows\System32\PSAPI.DLL
0x00007ff957750000 - 0x00007ff957777000 	C:\Windows\SYSTEM32\WINMM.dll
0x00007ff95fa80000 - 0x00007ff95fa89000 	C:\Windows\SYSTEM32\WSOCK32.dll
0x00007ff9651a0000 - 0x00007ff96520b000 	C:\Windows\System32\WS2_32.dll
0x00007ff962a10000 - 0x00007ff962a22000 	C:\Windows\SYSTEM32\kernel.appcore.dll
0x00007ff950890000 - 0x00007ff95089a000 	C:\Program Files\Java\jdk-17\bin\jimage.dll
0x00007ff961f30000 - 0x00007ff962131000 	C:\Windows\SYSTEM32\DBGHELP.DLL
0x00007ff93cee0000 - 0x00007ff93cf14000 	C:\Windows\SYSTEM32\dbgcore.DLL
0x00007ff964780000 - 0x00007ff964802000 	C:\Windows\System32\bcryptPrimitives.dll
0x00007ff950860000 - 0x00007ff950885000 	C:\Program Files\Java\jdk-17\bin\java.dll
0x00007ff920440000 - 0x00007ff920517000 	C:\Program Files\Java\jdk-17\bin\jsvml.dll
0x00007ff9656d0000 - 0x00007ff965e40000 	C:\Windows\System32\SHELL32.dll
0x00007ff962140000 - 0x00007ff9628e5000 	C:\Windows\SYSTEM32\windows.storage.dll
0x00007ff965240000 - 0x00007ff965594000 	C:\Windows\System32\combase.dll
0x00007ff963b90000 - 0x00007ff963bbb000 	C:\Windows\SYSTEM32\Wldp.dll
0x00007ff9650b0000 - 0x00007ff96517d000 	C:\Windows\System32\OLEAUT32.dll
0x00007ff966170000 - 0x00007ff96621d000 	C:\Windows\System32\SHCORE.dll
0x00007ff964d10000 - 0x00007ff964d6b000 	C:\Windows\System32\shlwapi.dll
0x00007ff964170000 - 0x00007ff964194000 	C:\Windows\SYSTEM32\profapi.dll
0x00007ff93a6a0000 - 0x00007ff93a6b9000 	C:\Program Files\Java\jdk-17\bin\net.dll
0x00007ff95ce80000 - 0x00007ff95cf8a000 	C:\Windows\SYSTEM32\WINHTTP.dll
0x00007ff9638f0000 - 0x00007ff96395a000 	C:\Windows\system32\mswsock.dll
0x00007ff93a370000 - 0x00007ff93a386000 	C:\Program Files\Java\jdk-17\bin\nio.dll
0x00007ff92c8e0000 - 0x00007ff92c8f8000 	C:\Program Files\Java\jdk-17\bin\zip.dll
0x00007ff950850000 - 0x00007ff95085a000 	C:\Program Files\Java\jdk-17\bin\management.dll
0x00007ff94e930000 - 0x00007ff94e93b000 	C:\Program Files\Java\jdk-17\bin\management_ext.dll
0x00007ff93a350000 - 0x00007ff93a367000 	C:\Windows\system32\napinsp.dll
0x00007ff93a330000 - 0x00007ff93a34b000 	C:\Windows\system32\pnrpnsp.dll
0x00007ff9608a0000 - 0x00007ff9608bd000 	C:\Windows\system32\wshbth.dll
0x00007ff95e950000 - 0x00007ff95e96d000 	C:\Windows\system32\NLAapi.dll
0x00007ff9635d0000 - 0x00007ff96360b000 	C:\Windows\SYSTEM32\IPHLPAPI.DLL
0x00007ff963610000 - 0x00007ff9636da000 	C:\Windows\SYSTEM32\DNSAPI.dll
0x00007ff964d00000 - 0x00007ff964d08000 	C:\Windows\System32\NSI.dll
0x00007ff93a310000 - 0x00007ff93a322000 	C:\Windows\System32\winrnr.dll
0x00007ff95be30000 - 0x00007ff95be3a000 	C:\Windows\System32\rasadhlp.dll
0x00007ff94fc00000 - 0x00007ff94fc80000 	C:\Windows\System32\fwpuclnt.dll

dbghelp: loaded successfully - version: 4.0.5 - missing functions: none
symbol engine: initialized successfully - sym options: 0x614 - pdb path: .;C:\Program Files\Java\jdk-17\bin;C:\Windows\SYSTEM32;C:\Windows\WinSxS\amd64_microsoft.windows.common-controls_6595b64144ccf1df_6.0.19041.6456_none_60b8a6cb71f64256;C:\Program Files\Java\jdk-17\bin\server

VM Arguments:
jvm_args: -Dcom.sun.management.jmxremote -Dcom.sun.management.jmxremote.port=53478 -Dcom.sun.management.jmxremote.authenticate=false -Dcom.sun.management.jmxremote.ssl=false -Djava.rmi.server.hostname=localhost -Dspring.jmx.enabled=true -Dmanagement.endpoints.jmx.exposure.include=* -Dspring.application.admin.enabled=true -Dspring.output.ansi.enabled=always -XX:TieredStopAtLevel=1 -Dspring.boot.project.name=CarbonPersonalFootprintApp -Dfile.encoding=UTF-8 -Dstdout.encoding=UTF-8 -Dstderr.encoding=UTF-8 -XX:+ShowCodeDetailsInExceptionMessages 
java_command: com.cpfa.CarbonPersonalFootprintAppApplication
java_class_path (initial): D:\WSSts\CarbonPersonalFootprintApp\target\classes;C:\Users\user\.m2\repository\org\springframework\boot\spring-boot-starter-data-jpa\4.0.1\spring-boot-starter-data-jpa-4.0.1.jar;C:\Users\user\.m2\repository\org\springframework\boot\spring-boot-starter\4.0.1\spring-boot-starter-4.0.1.jar;C:\Users\user\.m2\repository\org\springframework\boot\spring-boot-starter-logging\4.0.1\spring-boot-starter-logging-4.0.1.jar;C:\Users\user\.m2\repository\ch\qos\logback\logback-classic\1.5.22\logback-classic-1.5.22.jar;C:\Users\user\.m2\repository\ch\qos\logback\logback-core\1.5.22\logback-core-1.5.22.jar;C:\Users\user\.m2\repository\org\apache\logging\log4j\log4j-to-slf4j\2.25.3\log4j-to-slf4j-2.25.3.jar;C:\Users\user\.m2\repository\org\apache\logging\log4j\log4j-api\2.25.3\log4j-api-2.25.3.jar;C:\Users\user\.m2\repository\org\slf4j\jul-to-slf4j\2.0.17\jul-to-slf4j-2.0.17.jar;C:\Users\user\.m2\repository\org\springframework\boot\spring-boot-autoconfigure\4.0.1\spring-boot-autoconfigure-4.0.1.jar;C:\Users\user\.m2\repository\jakarta\annotation\jakarta.annotation-api\3.0.0\jakarta.annotation-api-3.0.0.jar;C:\Users\user\.m2\repository\org\yaml\snakeyaml\2.5\snakeyaml-2.5.jar;C:\Users\user\.m2\repository\org\springframework\boot\spring-boot-starter-jdbc\4.0.1\spring-boot-starter-jdbc-4.0.1.jar;C:\Users\user\.m2\repository\com\zaxxer\HikariCP\7.0.2\HikariCP-7.0.2.jar;C:\Users\user\.m2\repository\org\slf4j\slf4j-api\2.0.17\slf4j-api-2.0.17.jar;C:\Users\user\.m2\repository\org\springframework\boot\spring-boot-data-jpa\4.0.1\spring-boot-data-jpa-4.0.1.jar;C:\Users\user\.m2\repository\org\springframework\boot\spring-boot-data-commons\4.0.1\spring-boot-data-commons-4.0.1.jar;C:\Users\user\.m2\repository\org\springframework\boot\spring-boot-persistence\4.0.1\spring-boot-persistence-4.0.1.jar;C:\Users\user\.m2\repository\org\springframework\data\spring-data-commons\4.0.1\spring-data-commons-4.0.1.jar;C:\Users\user\.m2\repository\org\springframework\boot\spring-boo
Launcher Type: SUN_STANDARD

[Global flags]
     intx CICompilerCount                          = 4                                         {product} {ergonomic}
     uint ConcGCThreads                            = 2                                         {product} {ergonomic}
     uint G1ConcRefinementThreads                  = 8                                         {product} {ergonomic}
   size_t G1HeapRegionSize                         = 1048576                                   {product} {ergonomic}
    uintx GCDrainStackTargetSize                   = 64                                        {product} {ergonomic}
   size_t InitialHeapSize                          = 65011712                                  {product} {ergonomic}
     bool ManagementServer                         = true                                      {product} {command line}
   size_t MarkStackSize                            = 4194304                                   {product} {ergonomic}
   size_t MaxHeapSize                              = 1012924416                                {product} {ergonomic}
   size_t MaxNewSize                               = 607125504                                 {product} {ergonomic}
   size_t MinHeapDeltaBytes                        = 1048576                                   {product} {ergonomic}
   size_t MinHeapSize                              = 8388608                                   {product} {ergonomic}
    uintx NonProfiledCodeHeapSize                  = 0                                      {pd product} {ergonomic}
     bool ProfileInterpreter                       = false                                  {pd product} {command line}
    uintx ProfiledCodeHeapSize                     = 0                                      {pd product} {ergonomic}
     bool ShowCodeDetailsInExceptionMessages       = true                                   {manageable} {command line}
   size_t SoftMaxHeapSize                          = 1012924416                             {manageable} {ergonomic}
     intx TieredStopAtLevel                        = 1                                         {product} {command line}
     bool UseCompressedClassPointers               = true                           {product lp64_product} {ergonomic}
     bool UseCompressedOops                        = true                           {product lp64_product} {ergonomic}
     bool UseG1GC                                  = true                                      {product} {ergonomic}
     bool UseLargePagesIndividualAllocation        = false                                  {pd product} {ergonomic}

Logging:
Log output configuration:
 #0: stdout all=warning uptime,level,tags
 #1: stderr all=off uptime,level,tags

Environment Variables:
PATH=D:/sts/sts-5.0.1.RELEASE//plugins/org.eclipse.justj.openjdk.hotspot.jre.full.win32.x86_64_25.0.1.v20251108-1451/jre/bin/server;D:/sts/sts-5.0.1.RELEASE//plugins/org.eclipse.justj.openjdk.hotspot.jre.full.win32.x86_64_25.0.1.v20251108-1451/jre/bin;C:\Program Files\Common Files\Oracle\Java\javapath;C:\Windows\system32;C:\Windows;C:\Windows\System32\Wbem;C:\Windows\System32\WindowsPowerShell\v1.0\;C:\Windows\System32\OpenSSH\;C:\Program Files\dotnet\;C:\Program Files\Java\jdk1.8.0_281\bin;C:\Program Files\Java\jdk-11\bin;C:\Program Files\Java\jdk-17\bin;C:\Program Files\MySQL\MySQL Shell 8.0\bin\;C:\Users\user\AppData\Local\Microsoft\WindowsApps;C:\Users\user\AppData\Local\Programs\Microsoft VS Code\bin;C:\Program Files\Java\jdk1.8.0_281\bin;C:\Program Files\Java\jdk-11\bin;C:\Program Files\Java\jdk-17\bin;;D:\sts\sts-5.0.1.RELEASE;
USERNAME=santosh
OS=Windows_NT
PROCESSOR_IDENTIFIER=Intel64 Family 6 Model 126 Stepping 5, GenuineIntel



---------------  S Y S T E M  ---------------

OS:
 Windows 10 , 64 bit Build 19041 (10.0.19041.5915)
OS uptime: 0 days 21:25 hours

CPU: total 8 (initial active 8) (4 cores per cpu, 2 threads per core) family 6 model 126 stepping 5 microcode 0xc2, cx8, cmov, fxsr, ht, mmx, 3dnowpref, sse, sse2, sse3, ssse3, sse4.1, sse4.2, popcnt, lzcnt, tsc, tscinvbit, avx, avx2, aes, erms, clmul, bmi1, bmi2, adx, avx512f, avx512dq, avx512cd, avx512bw, avx512vl, sha, fma, vzeroupper, avx512_vpopcntdq, avx512_vpclmulqdq, avx512_vaes, avx512_vnni, clflush, clflushopt, avx512_vbmi2, avx512_vbmi

Memory: 4k page, system-wide physical 3863M (182M free)
TotalPageFile size 15639M (AvailPageFile size 0M)
current process WorkingSet (physical memory assigned to process): 48M, peak: 48M
current process commit charge ("private bytes"): 142M, peak: 142M

vm_info: Java HotSpot(TM) 64-Bit Server VM (17.0.12+8-LTS-286) for windows-amd64 JRE (17.0.12+8-LTS-286), built on Jun  5 2024 06:46:59 by "mach5one" with MS VC++ 17.6 (VS2022)

END.
